xrun: 22.03-s004: (c) Copyright 1995-2022 Cadence Design Systems, Inc.
TOOL:	xrun	22.03-s004: Started on Aug 26, 2023 at 18:11:01 CDT
irun
	-f run.f
		+access+rwc
		-timescale 1ns/1ns
		-gui
		-incdir ../design/common
		../design/common/addr_segregator_proc.sv
		../tb/tb_addr_segregator_proc.sv
xrun: *W,NCEXDEP: Executable (irun) is deprecated. Use (xrun) instead.
file: ../design/common/addr_segregator_proc.sv
	module worklib.addr_segregator_proc:sv
		errors: 0, warnings: 0
file: ../tb/tb_addr_segregator_proc.sv
	module worklib.tb_addr_segregator_proc:sv
		errors: 0, warnings: 0
xmvlog: *W,SPDUSD: Include directory ../design/common given but not used.
	Total errors/warnings found outside modules and primitives:
		errors: 0, warnings: 1
		Caching library 'worklib' ....... Done
	Elaborating the design hierarchy:
	Top level design units:
		tb_addr_segregator_proc
xmelab: *W,DSEMEL: This SystemVerilog design will be simulated as per IEEE 1800-2009 SystemVerilog simulation semantics. Use -disable_sem2009 option for turning off SV 2009 simulation semantics.
	Building instance overlay tables: .................... Done
	Generating native compiled code:
		worklib.addr_segregator_proc:sv <0x21ee819f>
			streams:   2, words:  1008
		worklib.tb_addr_segregator_proc:sv <0x387f42e8>
			streams:   4, words:  3845
	Building instance specific data structures.
	Loading native compiled code:     .................... Done
	Design hierarchy summary:
		                 Instances  Unique
		Modules:                 2       2
		Registers:               7       7
		Scalar wires:            2       -
		Vectored wires:          4       -
		Always blocks:           1       1
		Initial blocks:          2       2
		Pseudo assignments:      3       3
		Simulation timescale:  1ns
	Writing initial simulation snapshot: worklib.tb_addr_segregator_proc:sv
xmsim: *W,NOMTDGUI: Multi-Threaded Dumping is disabled for interactive debug mode.
xmsim: *W,DSEM2009: This SystemVerilog design is simulated as per IEEE 1800-2009 SystemVerilog simulation semantics. Use -disable_sem2009 option for turning off SV 2009 simulation semantics.

-------------------------------------
Relinquished control to SimVision...
xcelium> 
xcelium> source /opt/coe/cadence/XCELIUM/tools/xcelium/files/xmsimrc
xcelium> database -open waves -into waves.shm -default
Created default SHM database waves
xcelium> probe -create -shm tb_addr_segregator_proc.inst_addr_segregator_proc.address tb_addr_segregator_proc.inst_addr_segregator_proc.blk_offset_proc tb_addr_segregator_proc.inst_addr_segregator_proc.cmd_rd tb_addr_segregator_proc.inst_addr_segregator_proc.cmd_wr tb_addr_segregator_proc.inst_addr_segregator_proc.index_proc tb_addr_segregator_proc.inst_addr_segregator_proc.tag_proc tb_addr_segregator_proc.inst_addr_segregator_proc.zeros
Created probe 1
xcelium> run 130ns
Simulation complete via $finish(1) at time 120 NS + 0
../tb/tb_addr_segregator_proc.sv:58         #60 $finish;
xcelium> ^C
xcelium> exit
TOOL:	xrun	22.03-s004: Exiting on Aug 26, 2023 at 18:21:28 CDT  (total: 00:10:27)
